Using pre-set license
Built from '2020.2/staging' branch; Version is '2020.2.6f1 (8a2143876886) revision 9052483'; Using compiler version '192528614'; Build Type 'Release'
OS: 'Windows 10 Home; OS build 18363.1379; Version 1909; 64bit' Language: 'en' Physical Memory: 16234 MB
BatchMode: 1, IsHumanControllingUs: 0, StartBugReporterOnCrash: 0, Is64bit: 1, IsPro: 0

 COMMAND LINE ARGUMENTS:
C:\Program Files\Unity\Hub\Editor\2020.2.6f1\Editor\Unity.exe
-adb2
-batchMode
-noUpm
-name
AssetImportWorker0
-projectPath
D:/TinyHydra_Github/4x-Exploration/4x Project
-logFile
Logs/AssetImportWorker0.log
-srvPort
58652
Successfully changed project path to: D:/TinyHydra_Github/4x-Exploration/4x Project
D:/TinyHydra_Github/4x-Exploration/4x Project
Using Asset Import Pipeline V2.
Refreshing native plugins compatible for Editor in 20.53 ms, found 0 plugins.
Preloading 0 native plugins for Editor in 0.00 ms.
Initialize engine version: 2020.2.6f1 (8a2143876886)
[Subsystems] Discovering subsystems at path C:/Program Files/Unity/Hub/Editor/2020.2.6f1/Editor/Data/Resources/UnitySubsystems
[Subsystems] Discovering subsystems at path D:/TinyHydra_Github/4x-Exploration/4x Project/Assets
GfxDevice: creating device client; threaded=0
Direct3D:
    Version:  Direct3D 11.0 [level 11.1]
    Renderer: NVIDIA GeForce RTX 2070 (ID=0x1f10)
    Vendor:   
    VRAM:     8031 MB
    Driver:   27.21.14.5671
Initialize mono
Mono path[0] = 'C:/Program Files/Unity/Hub/Editor/2020.2.6f1/Editor/Data/Managed'
Mono path[1] = 'C:/Program Files/Unity/Hub/Editor/2020.2.6f1/Editor/Data/MonoBleedingEdge/lib/mono/unityjit'
Mono config path = 'C:/Program Files/Unity/Hub/Editor/2020.2.6f1/Editor/Data/MonoBleedingEdge/etc'
Using monoOptions --debugger-agent=transport=dt_socket,embedding=1,server=y,suspend=n,address=127.0.0.1:56276
Begin MonoManager ReloadAssembly
Registering precompiled unity dll's ...
Register platform support module: C:/Program Files/Unity/Hub/Editor/2020.2.6f1/Editor/Data/PlaybackEngines/WindowsStandaloneSupport/UnityEditor.WindowsStandalone.Extensions.dll
Registered in 0.001509 seconds.
Native extension for WindowsStandalone target not found
Refreshing native plugins compatible for Editor in 20.50 ms, found 0 plugins.
Preloading 0 native plugins for Editor in 0.00 ms.
Invoked RoslynAnalysisRunner static constructor.
RoslynAnalysisRunner will not be running.
RoslynAnalysisRunner has terminated.
Mono: successfully reloaded assembly
- Completed reload, in  0.871 seconds
Platform modules already initialized, skipping
Registering precompiled user dll's ...
Registered in 0.000718 seconds.
Begin MonoManager ReloadAssembly
Native extension for WindowsStandalone target not found
Refreshing native plugins compatible for Editor in 0.19 ms, found 0 plugins.
Preloading 0 native plugins for Editor in 0.00 ms.
Invoked RoslynAnalysisRunner static constructor.
RoslynAnalysisRunner will not be running.
RoslynAnalysisRunner has terminated.
Mono: successfully reloaded assembly
- Completed reload, in  0.743 seconds
Platform modules already initialized, skipping
========================================================================
Worker process is ready to serve import requests
Launched and connected shader compiler UnityShaderCompiler.exe after 0.04 seconds
Refreshing native plugins compatible for Editor in 0.21 ms, found 0 plugins.
Preloading 0 native plugins for Editor in 0.00 ms.
Unloading 1112 Unused Serialized files (Serialized files now loaded: 0)
System memory in use before: 57.0 MB.
System memory in use after: 57.0 MB.

Unloading 9 unused Assets to reduce memory usage. Loaded Objects now: 1554.
Total: 1.999500 ms (FindLiveObjects: 0.146300 ms CreateObjectMapping: 0.043000 ms MarkObjects: 1.726400 ms  DeleteObjects: 0.082700 ms)

========================================================================
Received Import Request.
  path: Assets/Prefabs/HexPrefab.prefab
  artifactKey: Guid(ecfd160229edec441b25df2bafe7096e) Importer(815301076,1909f56bfc062723c751e8b465ee728b)
Start importing Assets/Prefabs/HexPrefab.prefab using Guid(ecfd160229edec441b25df2bafe7096e) Importer(815301076,1909f56bfc062723c751e8b465ee728b)  -> (artifact id: '41d8ce6435ea247e6311c7dc2c7d89a2') in 0.103022 seconds
  Import took 0.105944 seconds .

========================================================================
Received Prepare
Refreshing native plugins compatible for Editor in 0.60 ms, found 0 plugins.
Preloading 0 native plugins for Editor in 0.00 ms.
Unloading 3 Unused Serialized files (Serialized files now loaded: 0)
System memory in use before: 38.1 MB.
System memory in use after: 38.2 MB.

Unloading 2 unused Assets to reduce memory usage. Loaded Objects now: 1561.
Total: 1.574600 ms (FindLiveObjects: 0.115400 ms CreateObjectMapping: 0.028500 ms MarkObjects: 1.420400 ms  DeleteObjects: 0.008900 ms)

========================================================================
Received Prepare
Registering precompiled user dll's ...
Registered in 0.000855 seconds.
Begin MonoManager ReloadAssembly
Native extension for WindowsStandalone target not found
Refreshing native plugins compatible for Editor in 0.19 ms, found 0 plugins.
Preloading 0 native plugins for Editor in 0.00 ms.
Invoked RoslynAnalysisRunner static constructor.
RoslynAnalysisRunner will not be running.
RoslynAnalysisRunner has terminated.
Mono: successfully reloaded assembly
- Completed reload, in  0.673 seconds
Platform modules already initialized, skipping
Refreshing native plugins compatible for Editor in 0.18 ms, found 0 plugins.
Preloading 0 native plugins for Editor in 0.00 ms.
Unloading 1107 Unused Serialized files (Serialized files now loaded: 0)
System memory in use before: 60.1 MB.
System memory in use after: 60.2 MB.

Unloading 4 unused Assets to reduce memory usage. Loaded Objects now: 1563.
Total: 1.449500 ms (FindLiveObjects: 0.181300 ms CreateObjectMapping: 0.055200 ms MarkObjects: 1.198000 ms  DeleteObjects: 0.013700 ms)

========================================================================
Received Import Request.
  Time since last request: 340.694420 seconds.
  path: Assets/Scripts/CameraMouseController.cs
  artifactKey: Guid(b1095be81107b5248b7ac4dd55da1813) Importer(815301076,1909f56bfc062723c751e8b465ee728b)
Start importing Assets/Scripts/CameraMouseController.cs using Guid(b1095be81107b5248b7ac4dd55da1813) Importer(815301076,1909f56bfc062723c751e8b465ee728b)  -> (artifact id: '111bb511b34a5ffd03cc2e906c7c965f') in 0.016261 seconds
  Import took 0.018656 seconds .

========================================================================
Received Import Request.
  Time since last request: 0.013699 seconds.
  path: Assets/Scripts/CameraMouseController.cs
  artifactKey: Guid(b1095be81107b5248b7ac4dd55da1813) Importer(815301076,1909f56bfc062723c751e8b465ee728b)
Start importing Assets/Scripts/CameraMouseController.cs using Guid(b1095be81107b5248b7ac4dd55da1813) Importer(815301076,1909f56bfc062723c751e8b465ee728b)  -> (artifact id: '111bb511b34a5ffd03cc2e906c7c965f') in 0.002130 seconds
  Import took 0.003733 seconds .

========================================================================
Received Import Request.
  Time since last request: 30.435310 seconds.
  path: Assets/Scripts/MouseController.cs
  artifactKey: Guid(b1095be81107b5248b7ac4dd55da1813) Importer(815301076,1909f56bfc062723c751e8b465ee728b)
Start importing Assets/Scripts/MouseController.cs using Guid(b1095be81107b5248b7ac4dd55da1813) Importer(815301076,1909f56bfc062723c751e8b465ee728b)  -> (artifact id: 'a18156f6941ccda2652c563276b34196') in 0.006708 seconds
  Import took 0.008536 seconds .

========================================================================
Received Prepare
Registering precompiled user dll's ...
Registered in 0.000434 seconds.
Begin MonoManager ReloadAssembly
Native extension for WindowsStandalone target not found
Refreshing native plugins compatible for Editor in 0.33 ms, found 0 plugins.
Preloading 0 native plugins for Editor in 0.00 ms.
Invoked RoslynAnalysisRunner static constructor.
RoslynAnalysisRunner will not be running.
RoslynAnalysisRunner has terminated.
Mono: successfully reloaded assembly
- Completed reload, in  0.666 seconds
Platform modules already initialized, skipping
Refreshing native plugins compatible for Editor in 0.37 ms, found 0 plugins.
Preloading 0 native plugins for Editor in 0.00 ms.
Unloading 1107 Unused Serialized files (Serialized files now loaded: 0)
System memory in use before: 60.1 MB.
System memory in use after: 60.2 MB.

Unloading 4 unused Assets to reduce memory usage. Loaded Objects now: 1565.
Total: 1.766000 ms (FindLiveObjects: 0.140100 ms CreateObjectMapping: 0.041000 ms MarkObjects: 1.533400 ms  DeleteObjects: 0.049700 ms)

========================================================================
Received Prepare
Registering precompiled user dll's ...
Registered in 0.000491 seconds.
Begin MonoManager ReloadAssembly
Native extension for WindowsStandalone target not found
Refreshing native plugins compatible for Editor in 0.20 ms, found 0 plugins.
Preloading 0 native plugins for Editor in 0.00 ms.
Invoked RoslynAnalysisRunner static constructor.
RoslynAnalysisRunner will not be running.
RoslynAnalysisRunner has terminated.
Mono: successfully reloaded assembly
- Completed reload, in  0.651 seconds
Platform modules already initialized, skipping
Refreshing native plugins compatible for Editor in 0.18 ms, found 0 plugins.
Preloading 0 native plugins for Editor in 0.00 ms.
Unloading 1107 Unused Serialized files (Serialized files now loaded: 0)
System memory in use before: 60.1 MB.
System memory in use after: 60.2 MB.

Unloading 4 unused Assets to reduce memory usage. Loaded Objects now: 1567.
Total: 1.809900 ms (FindLiveObjects: 0.207500 ms CreateObjectMapping: 0.065400 ms MarkObjects: 1.513600 ms  DeleteObjects: 0.021800 ms)

========================================================================
Received Import Request.
  Time since last request: 1833.367392 seconds.
  path: Assets/Scripts/MouseController.cs
  artifactKey: Guid(b1095be81107b5248b7ac4dd55da1813) Importer(815301076,1909f56bfc062723c751e8b465ee728b)
Start importing Assets/Scripts/MouseController.cs using Guid(b1095be81107b5248b7ac4dd55da1813) Importer(815301076,1909f56bfc062723c751e8b465ee728b)  -> (artifact id: '236894e6e8f76db808b3a754451a3452') in 0.007368 seconds
  Import took 0.009292 seconds .

========================================================================
Received Import Request.
  Time since last request: 1.817927 seconds.
  path: Assets/Scripts/MouseController.cs
  artifactKey: Guid(b1095be81107b5248b7ac4dd55da1813) Importer(815301076,1909f56bfc062723c751e8b465ee728b)
Start importing Assets/Scripts/MouseController.cs using Guid(b1095be81107b5248b7ac4dd55da1813) Importer(815301076,1909f56bfc062723c751e8b465ee728b)  -> (artifact id: '236894e6e8f76db808b3a754451a3452') in 0.002344 seconds
  Import took 0.003973 seconds .

========================================================================
Received Prepare
Registering precompiled user dll's ...
Registered in 0.000597 seconds.
Begin MonoManager ReloadAssembly
Native extension for WindowsStandalone target not found
Refreshing native plugins compatible for Editor in 0.23 ms, found 0 plugins.
Preloading 0 native plugins for Editor in 0.00 ms.
Invoked RoslynAnalysisRunner static constructor.
RoslynAnalysisRunner will not be running.
RoslynAnalysisRunner has terminated.
Mono: successfully reloaded assembly
- Completed reload, in  0.862 seconds
Platform modules already initialized, skipping
Refreshing native plugins compatible for Editor in 0.21 ms, found 0 plugins.
Preloading 0 native plugins for Editor in 0.00 ms.
Unloading 1107 Unused Serialized files (Serialized files now loaded: 0)
System memory in use before: 60.1 MB.
System memory in use after: 60.2 MB.

Unloading 4 unused Assets to reduce memory usage. Loaded Objects now: 1569.
Total: 2.136000 ms (FindLiveObjects: 0.317900 ms CreateObjectMapping: 0.074300 ms MarkObjects: 1.729100 ms  DeleteObjects: 0.013100 ms)

========================================================================
Received Prepare
Registering precompiled user dll's ...
Registered in 0.000472 seconds.
Begin MonoManager ReloadAssembly
Native extension for WindowsStandalone target not found
Refreshing native plugins compatible for Editor in 0.18 ms, found 0 plugins.
Preloading 0 native plugins for Editor in 0.00 ms.
Invoked RoslynAnalysisRunner static constructor.
RoslynAnalysisRunner will not be running.
RoslynAnalysisRunner has terminated.
Mono: successfully reloaded assembly
- Completed reload, in  0.638 seconds
Platform modules already initialized, skipping
Refreshing native plugins compatible for Editor in 0.18 ms, found 0 plugins.
Preloading 0 native plugins for Editor in 0.00 ms.
Unloading 1107 Unused Serialized files (Serialized files now loaded: 0)
System memory in use before: 60.1 MB.
System memory in use after: 60.2 MB.

Unloading 4 unused Assets to reduce memory usage. Loaded Objects now: 1571.
Total: 1.354400 ms (FindLiveObjects: 0.108800 ms CreateObjectMapping: 0.029800 ms MarkObjects: 1.203600 ms  DeleteObjects: 0.011000 ms)

========================================================================
Received Import Request.
  Time since last request: 284.382514 seconds.
  path: Assets/Scripts/MouseController.cs
  artifactKey: Guid(b1095be81107b5248b7ac4dd55da1813) Importer(815301076,1909f56bfc062723c751e8b465ee728b)
Start importing Assets/Scripts/MouseController.cs using Guid(b1095be81107b5248b7ac4dd55da1813) Importer(815301076,1909f56bfc062723c751e8b465ee728b)  -> (artifact id: '001023eb7290e21fbad7c2284a38ab38') in 0.003810 seconds
  Import took 0.005347 seconds .

========================================================================
Received Prepare
Registering precompiled user dll's ...
Registered in 0.000865 seconds.
Begin MonoManager ReloadAssembly
Native extension for WindowsStandalone target not found
Refreshing native plugins compatible for Editor in 0.27 ms, found 0 plugins.
Preloading 0 native plugins for Editor in 0.00 ms.
Invoked RoslynAnalysisRunner static constructor.
RoslynAnalysisRunner will not be running.
RoslynAnalysisRunner has terminated.
Mono: successfully reloaded assembly
- Completed reload, in  0.945 seconds
Platform modules already initialized, skipping
Refreshing native plugins compatible for Editor in 0.52 ms, found 0 plugins.
Preloading 0 native plugins for Editor in 0.00 ms.
Unloading 1107 Unused Serialized files (Serialized files now loaded: 0)
System memory in use before: 60.1 MB.
System memory in use after: 60.2 MB.

Unloading 4 unused Assets to reduce memory usage. Loaded Objects now: 1573.
Total: 2.321600 ms (FindLiveObjects: 0.301000 ms CreateObjectMapping: 0.046000 ms MarkObjects: 1.956600 ms  DeleteObjects: 0.014600 ms)

========================================================================
Received Prepare
Registering precompiled user dll's ...
Registered in 0.000464 seconds.
Begin MonoManager ReloadAssembly
Native extension for WindowsStandalone target not found
Refreshing native plugins compatible for Editor in 0.22 ms, found 0 plugins.
Preloading 0 native plugins for Editor in 0.00 ms.
Invoked RoslynAnalysisRunner static constructor.
RoslynAnalysisRunner will not be running.
RoslynAnalysisRunner has terminated.
Mono: successfully reloaded assembly
- Completed reload, in  0.694 seconds
Platform modules already initialized, skipping
Refreshing native plugins compatible for Editor in 0.22 ms, found 0 plugins.
Preloading 0 native plugins for Editor in 0.00 ms.
Unloading 1107 Unused Serialized files (Serialized files now loaded: 0)
System memory in use before: 60.1 MB.
System memory in use after: 60.2 MB.

Unloading 4 unused Assets to reduce memory usage. Loaded Objects now: 1575.
Total: 1.466600 ms (FindLiveObjects: 0.130200 ms CreateObjectMapping: 0.039400 ms MarkObjects: 1.282900 ms  DeleteObjects: 0.012900 ms)

========================================================================
Received Import Request.
  Time since last request: 132.696251 seconds.
  path: Assets/Scripts/MouseController.cs
  artifactKey: Guid(b1095be81107b5248b7ac4dd55da1813) Importer(815301076,1909f56bfc062723c751e8b465ee728b)
Start importing Assets/Scripts/MouseController.cs using Guid(b1095be81107b5248b7ac4dd55da1813) Importer(815301076,1909f56bfc062723c751e8b465ee728b)  -> (artifact id: '09fb9391a05d92be8e7e18050a23c01f') in 0.005213 seconds
  Import took 0.007226 seconds .

========================================================================
Received Prepare
Registering precompiled user dll's ...
Registered in 0.000520 seconds.
Begin MonoManager ReloadAssembly
Native extension for WindowsStandalone target not found
Refreshing native plugins compatible for Editor in 0.19 ms, found 0 plugins.
Preloading 0 native plugins for Editor in 0.00 ms.
Invoked RoslynAnalysisRunner static constructor.
RoslynAnalysisRunner will not be running.
RoslynAnalysisRunner has terminated.
Mono: successfully reloaded assembly
- Completed reload, in  0.653 seconds
Platform modules already initialized, skipping
Refreshing native plugins compatible for Editor in 0.19 ms, found 0 plugins.
Preloading 0 native plugins for Editor in 0.00 ms.
Unloading 1107 Unused Serialized files (Serialized files now loaded: 0)
System memory in use before: 60.1 MB.
System memory in use after: 60.2 MB.

Unloading 4 unused Assets to reduce memory usage. Loaded Objects now: 1577.
Total: 2.125300 ms (FindLiveObjects: 0.132200 ms CreateObjectMapping: 0.032600 ms MarkObjects: 1.943300 ms  DeleteObjects: 0.016100 ms)

========================================================================
Received Import Request.
  Time since last request: 616.231406 seconds.
  path: Assets/Scripts/MouseController.cs
  artifactKey: Guid(b1095be81107b5248b7ac4dd55da1813) Importer(815301076,1909f56bfc062723c751e8b465ee728b)
Start importing Assets/Scripts/MouseController.cs using Guid(b1095be81107b5248b7ac4dd55da1813) Importer(815301076,1909f56bfc062723c751e8b465ee728b)  -> (artifact id: '12b0ed7596d707a865d44f547fe1417d') in 0.004015 seconds
  Import took 0.005697 seconds .

========================================================================
Received Prepare
Registering precompiled user dll's ...
Registered in 0.000477 seconds.
Begin MonoManager ReloadAssembly
Native extension for WindowsStandalone target not found
Refreshing native plugins compatible for Editor in 0.18 ms, found 0 plugins.
Preloading 0 native plugins for Editor in 0.00 ms.
Invoked RoslynAnalysisRunner static constructor.
RoslynAnalysisRunner will not be running.
RoslynAnalysisRunner has terminated.
Mono: successfully reloaded assembly
- Completed reload, in  0.659 seconds
Platform modules already initialized, skipping
Refreshing native plugins compatible for Editor in 0.18 ms, found 0 plugins.
Preloading 0 native plugins for Editor in 0.00 ms.
Unloading 1107 Unused Serialized files (Serialized files now loaded: 0)
System memory in use before: 60.1 MB.
System memory in use after: 60.2 MB.

Unloading 4 unused Assets to reduce memory usage. Loaded Objects now: 1579.
Total: 1.444100 ms (FindLiveObjects: 0.125700 ms CreateObjectMapping: 0.034500 ms MarkObjects: 1.270700 ms  DeleteObjects: 0.012100 ms)

========================================================================
Received Import Request.
  Time since last request: 295.677090 seconds.
  path: Assets/Scripts/MouseController.cs
  artifactKey: Guid(b1095be81107b5248b7ac4dd55da1813) Importer(815301076,1909f56bfc062723c751e8b465ee728b)
Start importing Assets/Scripts/MouseController.cs using Guid(b1095be81107b5248b7ac4dd55da1813) Importer(815301076,1909f56bfc062723c751e8b465ee728b)  -> (artifact id: 'a80e48ac33393bde576cb468f5b7c401') in 0.003691 seconds
  Import took 0.005388 seconds .

========================================================================
Received Prepare
Registering precompiled user dll's ...
Registered in 0.000520 seconds.
Begin MonoManager ReloadAssembly
Native extension for WindowsStandalone target not found
Refreshing native plugins compatible for Editor in 0.19 ms, found 0 plugins.
Preloading 0 native plugins for Editor in 0.00 ms.
Invoked RoslynAnalysisRunner static constructor.
RoslynAnalysisRunner will not be running.
RoslynAnalysisRunner has terminated.
Mono: successfully reloaded assembly
- Completed reload, in  0.643 seconds
Platform modules already initialized, skipping
Refreshing native plugins compatible for Editor in 0.26 ms, found 0 plugins.
Preloading 0 native plugins for Editor in 0.00 ms.
Unloading 1107 Unused Serialized files (Serialized files now loaded: 0)
System memory in use before: 60.1 MB.
System memory in use after: 60.2 MB.

Unloading 4 unused Assets to reduce memory usage. Loaded Objects now: 1581.
Total: 2.385100 ms (FindLiveObjects: 0.220300 ms CreateObjectMapping: 0.071300 ms MarkObjects: 2.054000 ms  DeleteObjects: 0.037700 ms)

AssetImportWorkerClient::OnTransportError - code=2 error=End of file
